2023-02-13 18:16:56 [scrapy.utils.log] INFO: Scrapy 2.8.0 started (bot: ecapepia_scraper)
2023-02-13 18:16:56 [scrapy.utils.log] INFO: Versions: lxml 4.9.2.0, libxml2 2.9.12, cssselect 1.2.0, parsel 1.7.0, w3lib 2.1.1, Twisted 22.10.0, Python 3.9.1 (tags/v3.9.1:1e5d33e, Dec  7 2020, 17:08:21) [MSC v.1927 64 bit (AMD64)], pyOpenSSL 23.0.0 (OpenSSL 3.0.8 7 Feb 2023), cryptography 39.0.1, Platform Windows-10-10.0.19041-SP0
2023-02-13 18:16:56 [scrapy.crawler] INFO: Overridden settings:
{'BOT_NAME': 'ecapepia_scraper',
 'FEED_EXPORT_ENCODING': 'utf-8',
 'LOG_FILE': 'spider.log',
 'NEWSPIDER_MODULE': 'ecapepia_scraper.spiders',
 'REQUEST_FINGERPRINTER_IMPLEMENTATION': '2.7',
 'ROBOTSTXT_OBEY': True,
 'SPIDER_LOADER_WARN_ONLY': True,
 'SPIDER_MODULES': ['ecapepia_scraper.spiders'],
 'TWISTED_REACTOR': 'twisted.internet.asyncioreactor.AsyncioSelectorReactor'}
2023-02-13 18:16:56 [asyncio] DEBUG: Using selector: SelectSelector
2023-02-13 18:16:56 [scrapy.utils.log] DEBUG: Using reactor: twisted.internet.asyncioreactor.AsyncioSelectorReactor
2023-02-13 18:16:56 [scrapy.utils.log] DEBUG: Using asyncio event loop: asyncio.windows_events._WindowsSelectorEventLoop
2023-02-13 18:16:56 [scrapy.extensions.telnet] INFO: Telnet Password: 7253d9abab625054
2023-02-13 18:16:56 [scrapy.middleware] INFO: Enabled extensions:
['scrapy.extensions.corestats.CoreStats',
 'scrapy.extensions.telnet.TelnetConsole',
 'scrapy.extensions.logstats.LogStats']
2023-02-13 18:16:56 [scrapy.middleware] INFO: Enabled downloader middlewares:
['scrapy.downloadermiddlewares.robotstxt.RobotsTxtMiddleware',
 'scrapy.downloadermiddlewares.httpauth.HttpAuthMiddleware',
 'scrapy.downloadermiddlewares.downloadtimeout.DownloadTimeoutMiddleware',
 'scrapy.downloadermiddlewares.defaultheaders.DefaultHeadersMiddleware',
 'scrapy.downloadermiddlewares.useragent.UserAgentMiddleware',
 'scrapy.downloadermiddlewares.retry.RetryMiddleware',
 'scrapy.downloadermiddlewares.redirect.MetaRefreshMiddleware',
 'scrapy.downloadermiddlewares.httpcompression.HttpCompressionMiddleware',
 'scrapy.downloadermiddlewares.redirect.RedirectMiddleware',
 'scrapy.downloadermiddlewares.cookies.CookiesMiddleware',
 'scrapy.downloadermiddlewares.httpproxy.HttpProxyMiddleware',
 'scrapy.downloadermiddlewares.stats.DownloaderStats']
2023-02-13 18:16:56 [scrapy.middleware] INFO: Enabled spider middlewares:
['scrapy.spidermiddlewares.httperror.HttpErrorMiddleware',
 'scrapy.spidermiddlewares.offsite.OffsiteMiddleware',
 'scrapy.spidermiddlewares.referer.RefererMiddleware',
 'scrapy.spidermiddlewares.urllength.UrlLengthMiddleware',
 'scrapy.spidermiddlewares.depth.DepthMiddleware']
2023-02-13 18:16:56 [scrapy.middleware] INFO: Enabled item pipelines:
[]
2023-02-13 18:16:56 [scrapy.core.engine] INFO: Spider opened
2023-02-13 18:16:57 [scrapy.extensions.logstats] INFO: Crawled 0 pages (at 0 pages/min), scraped 0 items (at 0 items/min)
2023-02-13 18:16:57 [scrapy.extensions.telnet] INFO: Telnet console listening on 127.0.0.1:6023
2023-02-13 18:16:57 [scrapy.core.engine] DEBUG: Crawled (200) <GET https://www.ekapepia.com/robots.txt> (referer: None)
2023-02-13 18:16:57 [scrapy.downloadermiddlewares.robotstxt] DEBUG: Forbidden by robots.txt: <GET https://www.ekapepia.com/priceStat/period/pigPeriodDetailView.do?menuId=menu100017&boardInfoNo=>
2023-02-13 18:16:57 [scrapy.core.engine] INFO: Closing spider (finished)
2023-02-13 18:16:57 [scrapy.statscollectors] INFO: Dumping Scrapy stats:
{'downloader/exception_count': 1,
 'downloader/exception_type_count/scrapy.exceptions.IgnoreRequest': 1,
 'downloader/request_bytes': 226,
 'downloader/request_count': 1,
 'downloader/request_method_count/GET': 1,
 'downloader/response_bytes': 216,
 'downloader/response_count': 1,
 'downloader/response_status_count/200': 1,
 'elapsed_time_seconds': 0.371084,
 'finish_reason': 'finished',
 'finish_time': datetime.datetime(2023, 2, 13, 9, 16, 57, 472721),
 'log_count/DEBUG': 5,
 'log_count/INFO': 10,
 'response_received_count': 1,
 'robotstxt/forbidden': 1,
 'robotstxt/request_count': 1,
 'robotstxt/response_count': 1,
 'robotstxt/response_status_count/200': 1,
 'scheduler/dequeued': 1,
 'scheduler/dequeued/memory': 1,
 'scheduler/enqueued': 1,
 'scheduler/enqueued/memory': 1,
 'start_time': datetime.datetime(2023, 2, 13, 9, 16, 57, 101637)}
2023-02-13 18:16:57 [scrapy.core.engine] INFO: Spider closed (finished)
